-------------------------------------------------------------------------------
Test set: com.mycompany.app.AppTest
-------------------------------------------------------------------------------
Tests run: 4, Failures: 1, Errors: 0, Skipped: 0, Time elapsed: 0.029 s <<< FAILURE! - in com.mycompany.app.AppTest
testAdd(com.mycompany.app.AppTest)  Time elapsed: 0.005 s  <<< FAILURE!
java.lang.AssertionError: expected:<5> but was:<6>
	at com.mycompany.app.AppTest.testAdd(AppTest.java:21)

