<?xml version="1.0" encoding="UTF-8"?>
<testsuite xmlns:xsi="http://www.w3.org/2001/XMLSchema-instance" xsi:noNamespaceSchemaLocation="https://maven.apache.org/surefire/maven-surefire-plugin/xsd/surefire-test-report.xsd" name="com.mycompany.app.AppTest" time="0.029" tests="4" errors="0" skipped="0" failures="1">
  <properties>
    <property name="java.specification.version" value="17"/>
    <property name="sun.cpu.isalist" value="amd64"/>
    <property name="sun.jnu.encoding" value="Cp1252"/>
    <property name="java.class.path" value="C:\Users\pepas\OneDrive\Escritorio\Modulo 4\Clase 2\my-app\target\test-classes;C:\Users\pepas\OneDrive\Escritorio\Modulo 4\Clase 2\my-app\target\classes;C:\Users\pepas\.m2\repository\junit\junit\4.11\junit-4.11.jar;C:\Users\pepas\.m2\repository\org\hamcrest\hamcrest-core\1.3\hamcrest-core-1.3.jar;"/>
    <property name="java.vm.vendor" value="Eclipse Adoptium"/>
    <property name="sun.arch.data.model" value="64"/>
    <property name="user.variant" value=""/>
    <property name="java.vendor.url" value="https://adoptium.net/"/>
    <property name="user.timezone" value="America/Santiago"/>
    <property name="os.name" value="Windows 10"/>
    <property name="java.vm.specification.version" value="17"/>
    <property name="sun.java.launcher" value="SUN_STANDARD"/>
    <property name="user.country" value="CL"/>
    <property name="sun.boot.library.path" value="C:\Java\openjdk-17\bin"/>
    <property name="sun.java.command" value="C:\Users\pepas\AppData\Local\Temp\surefire15182962053365588051\surefirebooter2215201002343800810.jar C:\Users\pepas\AppData\Local\Temp\surefire15182962053365588051 2024-08-14T21-52-38_176-jvmRun1 surefire2863907194435943162tmp surefire_0360839161929105436tmp"/>
    <property name="jdk.debug" value="release"/>
    <property name="surefire.test.class.path" value="C:\Users\pepas\OneDrive\Escritorio\Modulo 4\Clase 2\my-app\target\test-classes;C:\Users\pepas\OneDrive\Escritorio\Modulo 4\Clase 2\my-app\target\classes;C:\Users\pepas\.m2\repository\junit\junit\4.11\junit-4.11.jar;C:\Users\pepas\.m2\repository\org\hamcrest\hamcrest-core\1.3\hamcrest-core-1.3.jar;"/>
    <property name="sun.cpu.endian" value="little"/>
    <property name="user.home" value="C:\Users\pepas"/>
    <property name="user.language" value="es"/>
    <property name="java.specification.vendor" value="Oracle Corporation"/>
    <property name="java.version.date" value="2023-01-17"/>
    <property name="java.home" value="C:\Java\openjdk-17"/>
    <property name="file.separator" value="\"/>
    <property name="basedir" value="C:\Users\pepas\OneDrive\Escritorio\Modulo 4\Clase 2\my-app"/>
    <property name="java.vm.compressedOopsMode" value="Zero based"/>
    <property name="line.separator" value="&#10;"/>
    <property name="java.vm.specification.vendor" value="Oracle Corporation"/>
    <property name="java.specification.name" value="Java Platform API Specification"/>
    <property name="surefire.real.class.path" value="C:\Users\pepas\AppData\Local\Temp\surefire15182962053365588051\surefirebooter2215201002343800810.jar"/>
    <property name="user.script" value=""/>
    <property name="sun.management.compiler" value="HotSpot 64-Bit Tiered Compilers"/>
    <property name="java.runtime.version" value="17.0.6+10"/>
    <property name="user.name" value="pepas"/>
    <property name="path.separator" value=";"/>
    <property name="os.version" value="10.0"/>
    <property name="java.runtime.name" value="OpenJDK Runtime Environment"/>
    <property name="file.encoding" value="Cp1252"/>
    <property name="java.vm.name" value="OpenJDK 64-Bit Server VM"/>
    <property name="java.vendor.version" value="Temurin-17.0.6+10"/>
    <property name="localRepository" value="C:\Users\pepas\.m2\repository"/>
    <property name="java.vendor.url.bug" value="https://github.com/adoptium/adoptium-support/issues"/>
    <property name="java.io.tmpdir" value="C:\Users\pepas\AppData\Local\Temp\"/>
    <property name="java.version" value="17.0.6"/>
    <property name="user.dir" value="C:\Users\pepas\OneDrive\Escritorio\Modulo 4\Clase 2\my-app"/>
    <property name="os.arch" value="amd64"/>
    <property name="java.vm.specification.name" value="Java Virtual Machine Specification"/>
    <property name="sun.os.patch.level" value=""/>
    <property name="native.encoding" value="Cp1252"/>
    <property name="java.library.path" value="C:\Java\openjdk-17\bin;C:\Windows\Sun\Java\bin;C:\Windows\system32;C:\Windows;C:\Program Files\Python311\Scripts\;C:\Program Files\Python311\;C:\Program Files (x86)\NVIDIA Corporation\PhysX\Common;C:\Windows\system32;C:\Windows;C:\Windows\System32\Wbem;C:\Windows\System32\WindowsPowerShell\v1.0\;C:\Windows\System32\OpenSSH\;C:\Program Files\Microsoft VS Code\bin;C:\Program Files\Git\cmd;C:\Java\openjdk-17\bin;C:\Go\1.20.6\bin;C:\Program Files\dotnet\;C:\Act;C:\Program Files (x86)\HP\Common\HPDestPlgIn\;C:\Hugo;C:\Java\apache-maven-3.9.8\bin;C:\Program Files\nodejs\;C:\Program Files\Docker\Docker\resources\bin;C:\Users\pepas\AppData\Local\Microsoft\WindowsApps;C:\Users\pepas\.dotnet\tools;C:\Program Files (x86)\HP\Common\HPDestPlgIn\;C:\mingw64\bin;C:\Users\pepas\AppData\Roaming\npm;."/>
    <property name="java.vm.info" value="mixed mode, sharing"/>
    <property name="java.vendor" value="Eclipse Adoptium"/>
    <property name="java.vm.version" value="17.0.6+10"/>
    <property name="sun.io.unicode.encoding" value="UnicodeLittle"/>
    <property name="java.class.version" value="61.0"/>
  </properties>
  <testcase name="testAdd" classname="com.mycompany.app.AppTest" time="0.005">
    <failure message="expected:&lt;5&gt; but was:&lt;6&gt;" type="java.lang.AssertionError"><![CDATA[java.lang.AssertionError: expected:<5> but was:<6>
	at com.mycompany.app.AppTest.testAdd(AppTest.java:21)
]]></failure>
  </testcase>
  <testcase name="testIsValidStringNull" classname="com.mycompany.app.AppTest" time="0"/>
  <testcase name="testCalculateArea" classname="com.mycompany.app.AppTest" time="0"/>
  <testcase name="testIsValidStringValid" classname="com.mycompany.app.AppTest" time="0"/>
</testsuite>