<?xml version="1.0" encoding="UTF-8"?>
<testsuite xmlns:xsi="http://www.w3.org/2001/XMLSchema-instance" xsi:noNamespaceSchemaLocation="https://maven.apache.org/surefire/maven-surefire-plugin/xsd/surefire-test-report.xsd" name="com.mycompany.app.AppTest" time="0.029" tests="4" errors="0" skipped="0" failures="1">
  <properties>
[...]
</properties>
  <testcase name="testAdd" classname="com.mycompany.app.AppTest" time="0.005">
    <failure message="expected:&lt;5&gt; but was:&lt;6&gt;" type="java.lang.AssertionError"><![CDATA[java.lang.AssertionError: expected:<5> but was:<6>
	at com.mycompany.app.AppTest.testAdd(AppTest.java:21)
]]></failure>
  </testcase>
  <testcase name="testIsValidStringNull" classname="com.mycompany.app.AppTest" time="0"/>
  <testcase name="testCalculateArea" classname="com.mycompany.app.AppTest" time="0"/>
  <testcase name="testIsValidStringValid" classname="com.mycompany.app.AppTest" time="0"/>
</testsuite>